<!DOCTYPE html>
<html>
  <head>
    <meta charset="utf-8"/>
    <title>report.html</title>
    <link href="assets/style.css" rel="stylesheet" type="text/css"/></head>
  <body onLoad="init()">
    <script>/* This Source Code Form is subject to the terms of the Mozilla Public
 * License, v. 2.0. If a copy of the MPL was not distributed with this file,
 * You can obtain one at http://mozilla.org/MPL/2.0/. */


function toArray(iter) {
    if (iter === null) {
        return null;
    }
    return Array.prototype.slice.call(iter);
}

function find(selector, elem) { // eslint-disable-line no-redeclare
    if (!elem) {
        elem = document;
    }
    return elem.querySelector(selector);
}

function findAll(selector, elem) {
    if (!elem) {
        elem = document;
    }
    return toArray(elem.querySelectorAll(selector));
}

function sortColumn(elem) {
    toggleSortStates(elem);
    const colIndex = toArray(elem.parentNode.childNodes).indexOf(elem);
    let key;
    if (elem.classList.contains('result')) {
        key = keyResult;
    } else if (elem.classList.contains('links')) {
        key = keyLink;
    } else {
        key = keyAlpha;
    }
    sortTable(elem, key(colIndex));
}

function showAllExtras() { // eslint-disable-line no-unused-vars
    findAll('.col-result').forEach(showExtras);
}

function hideAllExtras() { // eslint-disable-line no-unused-vars
    findAll('.col-result').forEach(hideExtras);
}

function showExtras(colresultElem) {
    const extras = colresultElem.parentNode.nextElementSibling;
    const expandcollapse = colresultElem.firstElementChild;
    extras.classList.remove('collapsed');
    expandcollapse.classList.remove('expander');
    expandcollapse.classList.add('collapser');
}

function hideExtras(colresultElem) {
    const extras = colresultElem.parentNode.nextElementSibling;
    const expandcollapse = colresultElem.firstElementChild;
    extras.classList.add('collapsed');
    expandcollapse.classList.remove('collapser');
    expandcollapse.classList.add('expander');
}

function showFilters() {
    let visibleString = getQueryParameter('visible') || 'all';
    visibleString = visibleString.toLowerCase();
    const checkedItems = visibleString.split(',');

    const filterItems = document.getElementsByClassName('filter');
    for (let i = 0; i < filterItems.length; i++) {
        filterItems[i].hidden = false;

        if (visibleString != 'all') {
            filterItems[i].checked = checkedItems.includes(filterItems[i].getAttribute('data-test-result'));
            filterTable(filterItems[i]);
        }
    }
}

function addCollapse() {
    // Add links for show/hide all
    const resulttable = find('table#results-table');
    const showhideall = document.createElement('p');
    showhideall.innerHTML = '<a href="javascript:showAllExtras()">Show all details</a> / ' +
                            '<a href="javascript:hideAllExtras()">Hide all details</a>';
    resulttable.parentElement.insertBefore(showhideall, resulttable);

    // Add show/hide link to each result
    findAll('.col-result').forEach(function(elem) {
        const collapsed = getQueryParameter('collapsed') || 'Passed';
        const extras = elem.parentNode.nextElementSibling;
        const expandcollapse = document.createElement('span');
        if (extras.classList.contains('collapsed')) {
            expandcollapse.classList.add('expander');
        } else if (collapsed.includes(elem.innerHTML)) {
            extras.classList.add('collapsed');
            expandcollapse.classList.add('expander');
        } else {
            expandcollapse.classList.add('collapser');
        }
        elem.appendChild(expandcollapse);

        elem.addEventListener('click', function(event) {
            if (event.currentTarget.parentNode.nextElementSibling.classList.contains('collapsed')) {
                showExtras(event.currentTarget);
            } else {
                hideExtras(event.currentTarget);
            }
        });
    });
}

function getQueryParameter(name) {
    const match = RegExp('[?&]' + name + '=([^&]*)').exec(window.location.search);
    return match && decodeURIComponent(match[1].replace(/\+/g, ' '));
}

function init () { // eslint-disable-line no-unused-vars
    resetSortHeaders();

    addCollapse();

    showFilters();

    sortColumn(find('.initial-sort'));

    findAll('.sortable').forEach(function(elem) {
        elem.addEventListener('click',
            function() {
                sortColumn(elem);
            }, false);
    });
}

function sortTable(clicked, keyFunc) {
    const rows = findAll('.results-table-row');
    const reversed = !clicked.classList.contains('asc');
    const sortedRows = sort(rows, keyFunc, reversed);
    /* Whole table is removed here because browsers acts much slower
     * when appending existing elements.
     */
    const thead = document.getElementById('results-table-head');
    document.getElementById('results-table').remove();
    const parent = document.createElement('table');
    parent.id = 'results-table';
    parent.appendChild(thead);
    sortedRows.forEach(function(elem) {
        parent.appendChild(elem);
    });
    document.getElementsByTagName('BODY')[0].appendChild(parent);
}

function sort(items, keyFunc, reversed) {
    const sortArray = items.map(function(item, i) {
        return [keyFunc(item), i];
    });

    sortArray.sort(function(a, b) {
        const keyA = a[0];
        const keyB = b[0];

        if (keyA == keyB) return 0;

        if (reversed) {
            return keyA < keyB ? 1 : -1;
        } else {
            return keyA > keyB ? 1 : -1;
        }
    });

    return sortArray.map(function(item) {
        const index = item[1];
        return items[index];
    });
}

function keyAlpha(colIndex) {
    return function(elem) {
        return elem.childNodes[1].childNodes[colIndex].firstChild.data.toLowerCase();
    };
}

function keyLink(colIndex) {
    return function(elem) {
        const dataCell = elem.childNodes[1].childNodes[colIndex].firstChild;
        return dataCell == null ? '' : dataCell.innerText.toLowerCase();
    };
}

function keyResult(colIndex) {
    return function(elem) {
        const strings = ['Error', 'Failed', 'Rerun', 'XFailed', 'XPassed',
            'Skipped', 'Passed'];
        return strings.indexOf(elem.childNodes[1].childNodes[colIndex].firstChild.data);
    };
}

function resetSortHeaders() {
    findAll('.sort-icon').forEach(function(elem) {
        elem.parentNode.removeChild(elem);
    });
    findAll('.sortable').forEach(function(elem) {
        const icon = document.createElement('div');
        icon.className = 'sort-icon';
        icon.textContent = 'vvv';
        elem.insertBefore(icon, elem.firstChild);
        elem.classList.remove('desc', 'active');
        elem.classList.add('asc', 'inactive');
    });
}

function toggleSortStates(elem) {
    //if active, toggle between asc and desc
    if (elem.classList.contains('active')) {
        elem.classList.toggle('asc');
        elem.classList.toggle('desc');
    }

    //if inactive, reset all other functions and add ascending active
    if (elem.classList.contains('inactive')) {
        resetSortHeaders();
        elem.classList.remove('inactive');
        elem.classList.add('active');
    }
}

function isAllRowsHidden(value) {
    return value.hidden == false;
}

function filterTable(elem) { // eslint-disable-line no-unused-vars
    const outcomeAtt = 'data-test-result';
    const outcome = elem.getAttribute(outcomeAtt);
    const classOutcome = outcome + ' results-table-row';
    const outcomeRows = document.getElementsByClassName(classOutcome);

    for(let i = 0; i < outcomeRows.length; i++){
        outcomeRows[i].hidden = !elem.checked;
    }

    const rows = findAll('.results-table-row').filter(isAllRowsHidden);
    const allRowsHidden = rows.length == 0 ? true : false;
    const notFoundMessage = document.getElementById('not-found-message');
    notFoundMessage.hidden = !allRowsHidden;
}
</script>
    <h1>report.html</h1>
    <p>Report generated on 15-May-2023 at 16:17:19 by <a href="https://pypi.python.org/pypi/pytest-html">pytest-html</a> v3.2.0</p>
    <h2>Environment</h2>
    <table id="environment">
      <tr>
        <td>Module Name</td>
        <td>login</td></tr>
      <tr>
        <td>Packages</td>
        <td>{"pluggy": "1.0.0", "pytest": "7.3.1"}</td></tr>
      <tr>
        <td>Platform</td>
        <td>Windows-10-10.0.22621-SP0</td></tr>
      <tr>
        <td>Project Name</td>
        <td>ORANGE-HRM</td></tr>
      <tr>
        <td>Python</td>
        <td>3.11.3</td></tr>
      <tr>
        <td>Testers</td>
        <td>Brinda</td></tr></table>
    <h2>Summary</h2>
    <p>7 tests ran in 79.19 seconds. </p>
    <p class="filter" hidden="true">(Un)check the boxes to filter the results.</p><input checked="true" class="filter" data-test-result="passed" hidden="true" name="filter_checkbox" onChange="filterTable(this)" type="checkbox"/><span class="passed">6 passed</span>, <input checked="true" class="filter" data-test-result="skipped" disabled="true" hidden="true" name="filter_checkbox" onChange="filterTable(this)" type="checkbox"/><span class="skipped">0 skipped</span>, <input checked="true" class="filter" data-test-result="failed" hidden="true" name="filter_checkbox" onChange="filterTable(this)" type="checkbox"/><span class="failed">1 failed</span>, <input checked="true" class="filter" data-test-result="error" disabled="true" hidden="true" name="filter_checkbox" onChange="filterTable(this)" type="checkbox"/><span class="error">0 errors</span>, <input checked="true" class="filter" data-test-result="xfailed" disabled="true" hidden="true" name="filter_checkbox" onChange="filterTable(this)" type="checkbox"/><span class="xfailed">0 expected failures</span>, <input checked="true" class="filter" data-test-result="xpassed" disabled="true" hidden="true" name="filter_checkbox" onChange="filterTable(this)" type="checkbox"/><span class="xpassed">0 unexpected passes</span>
    <h2>Results</h2>
    <table id="results-table">
      <thead id="results-table-head">
        <tr>
          <th class="sortable result initial-sort" col="result">Result</th>
          <th class="sortable" col="name">Test</th>
          <th class="sortable" col="duration">Duration</th>
          <th class="sortable links" col="links">Links</th></tr>
        <tr hidden="true" id="not-found-message">
          <th colspan="4">No results found. Try to check the filters</th></tr></thead>
      <tbody class="failed results-table-row">
        <tr>
          <td class="col-result">Failed</td>
          <td class="col-name">TestCases/test_pim_01.py::Test_PIM_001::test_personal_detail</td>
          <td class="col-duration">56.60</td>
          <td class="col-links"></td></tr>
        <tr>
          <td class="extra" colspan="4">
            <div class="log">[gw0] win32 -- Python 3.11.3 C:\Users\arjun\PycharmProjects\ORANGE-HRM\venv\Scripts\python.exe<br/>[gw0] win32 -- Python 3.11.3 C:\Users\arjun\PycharmProjects\ORANGE-HRM\venv\Scripts\python.exe[gw0] win32 -- Python 3.11.3 C:\Users\arjun\PycharmProjects\ORANGE-HRM\venv\Scripts\python.exe<br/><br/>self = &lt;TestCases.test_pim_01.Test_PIM_001 object at 0x000001FFAE94B1D0&gt;, setup = &lt;selenium.webdriver.chrome.webdriver.WebDriver (session=&quot;4113183a55941f56fc89e7faef94d3e5&quot;)&gt;<br/><br/>    def test_personal_detail(self, setup):<br/>        self.logger.info(&quot;******* Start Login to Page **********&quot;)<br/>        self.driver = setup<br/>        self.lp = loginpage(self.driver)<br/>        self.username = readconfig.getusername().strip()<br/>        self.password = readconfig.getpassword().strip()<br/>        self.lp.setUserName(self.username)<br/>        self.lp.setPassword(self.password)<br/>        time.sleep(3)<br/>        self.lp.clicklogin()<br/>    <br/>        self.PIM = PIMPage_001(self.driver)<br/>        self.PIM.clickPIM_menu()<br/>        self.logger.info(&quot;*****Go to PIM Page*******&quot;)<br/>        self.PIM.clickAddEmployee()<br/>        self.logger.info(&quot;*****Go to PIM Add Employee Page*******&quot;)<br/>        self.logger.info(&quot;*****providing information*******&quot;)<br/>    <br/>        self.rows = XLUtils.getRowCount(self.path, &#x27;Sheet1&#x27;)<br/>        print(&#x27;Number of rows...&#x27;, self.rows)<br/>    <br/>        for r in range(2, self.rows + 1):<br/>            self.f_name = XLUtils.readData(self.path, &#x27;Sheet1&#x27;, r, 1)<br/>            self.M_name = XLUtils.readData(self.path, &#x27;Sheet1&#x27;, r, 2)<br/>            self.l_name = XLUtils.readData(self.path, &#x27;Sheet1&#x27;, r, 3)<br/>            self.user_name = XLUtils.readData(self.path, &#x27;Sheet1&#x27;, r, 4)<br/>            self.P_word = XLUtils.readData(self.path, &#x27;Sheet1&#x27;, r, 5)<br/>            self.CP_word = XLUtils.readData(self.path, &#x27;Sheet1&#x27;, r, 6)<br/>    <br/>            self.PIM.setFirstName(self.f_name)<br/>            self.PIM.setMiddleName(self.M_name)<br/>            self.PIM.setLastName(self.l_name)<br/>            self.PIM.ClickLogin()<br/>            time.sleep(3)<br/>            self.PIM.setUserName(self.user_name)<br/>            self.PIM.setPassword(self.P_word)<br/>            self.PIM.setConfirmPassword(self.CP_word)<br/>            self.PIM.clickSave()<br/>            time.sleep(10)<br/>            self.logger.info(&quot;sucessfully come to pesonal Details&quot;)<br/>    <br/>        self.rows1 = XLUtils.getRowCount(self.path, &#x27;Sheet2&#x27;)<br/>        print(&#x27;Number of rows...&#x27;, self.rows1)<br/>        for r1 in range(2, self.rows1 + 1):<br/>            self.N_name = XLUtils.readData(self.path, &#x27;Sheet2&#x27;, r1, 1)<br/>            self.Other_ID = XLUtils.readData(self.path, &#x27;Sheet2&#x27;, r1, 2)<br/>            self.DL_num = XLUtils.readData(self.path, &#x27;Sheet2&#x27;, r1, 3)<br/>            self.L_E_date = XLUtils.readData(self.path, &#x27;Sheet2&#x27;, r1, 4)<br/>            self.SSN = XLUtils.readData(self.path, &#x27;Sheet2&#x27;, r1, 5)<br/>            self.SIN = XLUtils.readData(self.path, &#x27;Sheet2&#x27;, r1, 6)<br/>            self.DOB = XLUtils.readData(self.path, &#x27;Sheet2&#x27;, r1, 7)<br/>            self.Blood_Type = XLUtils.readData(self.path, &#x27;Sheet2&#x27;, r1, 8)<br/>            self.logger.info(&quot;*********** personal detail entry started****&quot;)<br/>    <br/>            self.PIM.setNickname(self.N_name)<br/>            time.sleep(2)<br/>&gt;           self.PIM.setOther_id(self.Other_ID)<br/><br/>TestCases\test_pim_01.py:73: <br/>_ _ _ _ _ _ _ _ _ _ _ _ _ _ _ _ _ _ _ _ _ _ _ _ _ _ _ _ _ _ _ _ _ _ _ _ _ _ _ _ <br/>PageObjects\PIMpage.py:110: in setOther_id<br/>    self.driver.find_element(By.XPATH, self.txt_other_id_xpath).clear()<br/>venv\Lib\site-packages\selenium\webdriver\remote\webdriver.py:831: in find_element<br/>    return self.execute(Command.FIND_ELEMENT, {&quot;using&quot;: by, &quot;value&quot;: value})[&quot;value&quot;]<br/>venv\Lib\site-packages\selenium\webdriver\remote\webdriver.py:440: in execute<br/>    self.error_handler.check_response(response)<br/>_ _ _ _ _ _ _ _ _ _ _ _ _ _ _ _ _ _ _ _ _ _ _ _ _ _ _ _ _ _ _ _ _ _ _ _ _ _ _ _ <br/><br/>self = &lt;selenium.webdriver.remote.errorhandler.ErrorHandler object at 0x000001FFAE9244D0&gt;<br/>response = {&#x27;status&#x27;: 404, &#x27;value&#x27;: &#x27;{&quot;value&quot;:{&quot;error&quot;:&quot;no such element&quot;,&quot;message&quot;:&quot;no such element: Unable to locate element: {\...dInitThunk [0x75B07D49+25]\\n\\tRtlInitializeExceptionChain [0x774EB74B+107]\\n\\tRtlClearBits [0x774EB6CF+191]\\n&quot;}}&#x27;}<br/><br/>    def check_response(self, response: Dict[str, Any]) -&gt; None:<br/>        &quot;&quot;&quot;Checks that a JSON response from the WebDriver does not have an<br/>        error.<br/>    <br/>        :Args:<br/>         - response - The JSON response from the WebDriver server as a dictionary<br/>           object.<br/>    <br/>        :Raises: If the response contains an error message.<br/>        &quot;&quot;&quot;<br/>        status = response.get(&quot;status&quot;, None)<br/>        if not status or status == ErrorCode.SUCCESS:<br/>            return<br/>        value = None<br/>        message = response.get(&quot;message&quot;, &quot;&quot;)<br/>        screen: str = response.get(&quot;screen&quot;, &quot;&quot;)<br/>        stacktrace = None<br/>        if isinstance(status, int):<br/>            value_json = response.get(&quot;value&quot;, None)<br/>            if value_json and isinstance(value_json, str):<br/>                import json<br/>    <br/>                try:<br/>                    value = json.loads(value_json)<br/>                    if len(value) == 1:<br/>                        value = value[&quot;value&quot;]<br/>                    status = value.get(&quot;error&quot;, None)<br/>                    if not status:<br/>                        status = value.get(&quot;status&quot;, ErrorCode.UNKNOWN_ERROR)<br/>                        message = value.get(&quot;value&quot;) or value.get(&quot;message&quot;)<br/>                        if not isinstance(message, str):<br/>                            value = message<br/>                            message = message.get(&quot;message&quot;)<br/>                    else:<br/>                        message = value.get(&quot;message&quot;, None)<br/>                except ValueError:<br/>                    pass<br/>    <br/>        exception_class: Type[WebDriverException]<br/>        if status in ErrorCode.NO_SUCH_ELEMENT:<br/>            exception_class = NoSuchElementException<br/>        elif status in ErrorCode.NO_SUCH_FRAME:<br/>            exception_class = NoSuchFrameException<br/>        elif status in ErrorCode.NO_SUCH_SHADOW_ROOT:<br/>            exception_class = NoSuchShadowRootException<br/>        elif status in ErrorCode.NO_SUCH_WINDOW:<br/>            exception_class = NoSuchWindowException<br/>        elif status in ErrorCode.STALE_ELEMENT_REFERENCE:<br/>            exception_class = StaleElementReferenceException<br/>        elif status in ErrorCode.ELEMENT_NOT_VISIBLE:<br/>            exception_class = ElementNotVisibleException<br/>        elif status in ErrorCode.INVALID_ELEMENT_STATE:<br/>            exception_class = InvalidElementStateException<br/>        elif (<br/>            status in ErrorCode.INVALID_SELECTOR<br/>            or status in ErrorCode.INVALID_XPATH_SELECTOR<br/>            or status in ErrorCode.INVALID_XPATH_SELECTOR_RETURN_TYPER<br/>        ):<br/>            exception_class = InvalidSelectorException<br/>        elif status in ErrorCode.ELEMENT_IS_NOT_SELECTABLE:<br/>            exception_class = ElementNotSelectableException<br/>        elif status in ErrorCode.ELEMENT_NOT_INTERACTABLE:<br/>            exception_class = ElementNotInteractableException<br/>        elif status in ErrorCode.INVALID_COOKIE_DOMAIN:<br/>            exception_class = InvalidCookieDomainException<br/>        elif status in ErrorCode.UNABLE_TO_SET_COOKIE:<br/>            exception_class = UnableToSetCookieException<br/>        elif status in ErrorCode.TIMEOUT:<br/>            exception_class = TimeoutException<br/>        elif status in ErrorCode.SCRIPT_TIMEOUT:<br/>            exception_class = TimeoutException<br/>        elif status in ErrorCode.UNKNOWN_ERROR:<br/>            exception_class = WebDriverException<br/>        elif status in ErrorCode.UNEXPECTED_ALERT_OPEN:<br/>            exception_class = UnexpectedAlertPresentException<br/>        elif status in ErrorCode.NO_ALERT_OPEN:<br/>            exception_class = NoAlertPresentException<br/>        elif status in ErrorCode.IME_NOT_AVAILABLE:<br/>            exception_class = ImeNotAvailableException<br/>        elif status in ErrorCode.IME_ENGINE_ACTIVATION_FAILED:<br/>            exception_class = ImeActivationFailedException<br/>        elif status in ErrorCode.MOVE_TARGET_OUT_OF_BOUNDS:<br/>            exception_class = MoveTargetOutOfBoundsException<br/>        elif status in ErrorCode.JAVASCRIPT_ERROR:<br/>            exception_class = JavascriptException<br/>        elif status in ErrorCode.SESSION_NOT_CREATED:<br/>            exception_class = SessionNotCreatedException<br/>        elif status in ErrorCode.INVALID_ARGUMENT:<br/>            exception_class = InvalidArgumentException<br/>        elif status in ErrorCode.NO_SUCH_COOKIE:<br/>            exception_class = NoSuchCookieException<br/>        elif status in ErrorCode.UNABLE_TO_CAPTURE_SCREEN:<br/>            exception_class = ScreenshotException<br/>        elif status in ErrorCode.ELEMENT_CLICK_INTERCEPTED:<br/>            exception_class = ElementClickInterceptedException<br/>        elif status in ErrorCode.INSECURE_CERTIFICATE:<br/>            exception_class = InsecureCertificateException<br/>        elif status in ErrorCode.INVALID_COORDINATES:<br/>            exception_class = InvalidCoordinatesException<br/>        elif status in ErrorCode.INVALID_SESSION_ID:<br/>            exception_class = InvalidSessionIdException<br/>        elif status in ErrorCode.UNKNOWN_METHOD:<br/>            exception_class = UnknownMethodException<br/>        else:<br/>            exception_class = WebDriverException<br/>        if not value:<br/>            value = response[&quot;value&quot;]<br/>        if isinstance(value, str):<br/>            raise exception_class(value)<br/>        if message == &quot;&quot; and &quot;message&quot; in value:<br/>            message = value[&quot;message&quot;]<br/>    <br/>        screen = None  # type: ignore[assignment]<br/>        if &quot;screen&quot; in value:<br/>            screen = value[&quot;screen&quot;]<br/>    <br/>        stacktrace = None<br/>        st_value = value.get(&quot;stackTrace&quot;) or value.get(&quot;stacktrace&quot;)<br/>        if st_value:<br/>            if isinstance(st_value, str):<br/>                stacktrace = st_value.split(&quot;\n&quot;)<br/>            else:<br/>                stacktrace = []<br/>                try:<br/>                    for frame in st_value:<br/>                        line = frame.get(&quot;lineNumber&quot;, &quot;&quot;)<br/>                        file = frame.get(&quot;fileName&quot;, &quot;&lt;anonymous&gt;&quot;)<br/>                        if line:<br/>                            file = f&quot;{file}:{line}&quot;<br/>                        meth = frame.get(&quot;methodName&quot;, &quot;&lt;anonymous&gt;&quot;)<br/>                        if &quot;className&quot; in frame:<br/>                            meth = f&quot;{frame[&#x27;className&#x27;]}.{meth}&quot;<br/>                        msg = &quot;    at %s (%s)&quot;<br/>                        msg = msg % (meth, file)<br/>                        stacktrace.append(msg)<br/>                except TypeError:<br/>                    pass<br/>        if exception_class == UnexpectedAlertPresentException:<br/>            alert_text = None<br/>            if &quot;data&quot; in value:<br/>                alert_text = value[&quot;data&quot;].get(&quot;text&quot;)<br/>            elif &quot;alert&quot; in value:<br/>                alert_text = value[&quot;alert&quot;].get(&quot;text&quot;)<br/>            raise exception_class(message, screen, stacktrace, alert_text)  # type: ignore[call-arg]  # mypy is not smart enough here<br/>&gt;       raise exception_class(message, screen, stacktrace)<br/><span class="error">E       selenium.common.exceptions.NoSuchElementException: Message: no such element: Unable to locate element: {&quot;method&quot;:&quot;xpath&quot;,&quot;selector&quot;:&quot;//label[text()=&#x27;Other Id&#x27;]//parent::div//following-sibling::div//input&quot;}</span><br/><span class="error">E         (Session info: chrome=113.0.5672.93)</span><br/><span class="error">E       Stacktrace:</span><br/><span class="error">E       Backtrace:</span><br/><span class="error">E       	GetHandleVerifier [0x00608893+48451]</span><br/><span class="error">E       	(No symbol) [0x0059B8A1]</span><br/><span class="error">E       	(No symbol) [0x004A5058]</span><br/><span class="error">E       	(No symbol) [0x004D0467]</span><br/><span class="error">E       	(No symbol) [0x004D069B]</span><br/><span class="error">E       	(No symbol) [0x004FDD92]</span><br/><span class="error">E       	(No symbol) [0x004EA304]</span><br/><span class="error">E       	(No symbol) [0x004FC482]</span><br/><span class="error">E       	(No symbol) [0x004EA0B6]</span><br/><span class="error">E       	(No symbol) [0x004C7E08]</span><br/><span class="error">E       	(No symbol) [0x004C8F2D]</span><br/><span class="error">E       	GetHandleVerifier [0x00868E3A+2540266]</span><br/><span class="error">E       	GetHandleVerifier [0x008A8959+2801161]</span><br/><span class="error">E       	GetHandleVerifier [0x008A295C+2776588]</span><br/><span class="error">E       	GetHandleVerifier [0x00692280+612144]</span><br/><span class="error">E       	(No symbol) [0x005A4F6C]</span><br/><span class="error">E       	(No symbol) [0x005A11D8]</span><br/><span class="error">E       	(No symbol) [0x005A12BB]</span><br/><span class="error">E       	(No symbol) [0x00594857]</span><br/><span class="error">E       	BaseThreadInitThunk [0x75B07D49+25]</span><br/><span class="error">E       	RtlInitializeExceptionChain [0x774EB74B+107]</span><br/><span class="error">E       	RtlClearBits [0x774EB6CF+191]</span><br/><br/>venv\Lib\site-packages\selenium\webdriver\remote\errorhandler.py:245: NoSuchElementException[gw0] win32 -- Python 3.11.3 C:\Users\arjun\PycharmProjects\ORANGE-HRM\venv\Scripts\python.exe<br/> -----------------------------Captured stdout setup------------------------------ <br/>launching chrome browser
<br/> -------------------------------Captured log setup------------------------------- <br/>INFO     selenium.webdriver.common.selenium_manager:selenium_manager.py:73 Applicable driver not found; attempting to install with Selenium Manager (Beta)<br/> ------------------------------Captured stdout call------------------------------ <br/>Number of rows... 2
Number of rows... 2
<br/> -------------------------------Captured log call-------------------------------- <br/>INFO     root:test_pim_01.py:18 ******* Start Login to Page **********
INFO     root:test_pim_01.py:30 *****Go to PIM Page*******
INFO     root:test_pim_01.py:32 *****Go to PIM Add Employee Page*******
INFO     root:test_pim_01.py:33 *****providing information*******
INFO     root:test_pim_01.py:56 sucessfully come to pesonal Details
INFO     root:test_pim_01.py:69 *********** personal detail entry started****<br/></div></td></tr></tbody>
      <tbody class="passed results-table-row">
        <tr>
          <td class="col-result">Passed</td>
          <td class="col-name">TestCases/test_login001.py::Test_001_login::test_login</td>
          <td class="col-duration">16.51</td>
          <td class="col-links"></td></tr>
        <tr>
          <td class="extra" colspan="4">
            <div class="log">[gw1] win32 -- Python 3.11.3 C:\Users\arjun\PycharmProjects\ORANGE-HRM\venv\Scripts\python.exe<br/>[gw1] win32 -- Python 3.11.3 C:\Users\arjun\PycharmProjects\ORANGE-HRM\venv\Scripts\python.exe[gw1] win32 -- Python 3.11.3 C:\Users\arjun\PycharmProjects\ORANGE-HRM\venv\Scripts\python.exe[gw1] win32 -- Python 3.11.3 C:\Users\arjun\PycharmProjects\ORANGE-HRM\venv\Scripts\python.exe<br/> -----------------------------Captured stdout setup------------------------------ <br/>launching chrome browser
<br/> -------------------------------Captured log setup------------------------------- <br/>INFO     selenium.webdriver.common.selenium_manager:selenium_manager.py:73 Applicable driver not found; attempting to install with Selenium Manager (Beta)<br/> -------------------------------Captured log call-------------------------------- <br/>INFO     root:test_login001.py:35 ****************Verifying the Login Test ************
INFO     root:test_login001.py:45 **************** Login Test is Passed************<br/></div></td></tr></tbody>
      <tbody class="passed results-table-row">
        <tr>
          <td class="col-result">Passed</td>
          <td class="col-name">TestCases/test_login002.py::Test_002_DDT_Login::test_valid_login</td>
          <td class="col-duration">24.27</td>
          <td class="col-links"></td></tr>
        <tr>
          <td class="extra" colspan="4">
            <div class="log">[gw2] win32 -- Python 3.11.3 C:\Users\arjun\PycharmProjects\ORANGE-HRM\venv\Scripts\python.exe<br/>[gw2] win32 -- Python 3.11.3 C:\Users\arjun\PycharmProjects\ORANGE-HRM\venv\Scripts\python.exe[gw2] win32 -- Python 3.11.3 C:\Users\arjun\PycharmProjects\ORANGE-HRM\venv\Scripts\python.exe[gw2] win32 -- Python 3.11.3 C:\Users\arjun\PycharmProjects\ORANGE-HRM\venv\Scripts\python.exe<br/> -----------------------------Captured stdout setup------------------------------ <br/>launching chrome browser
<br/> -------------------------------Captured log setup------------------------------- <br/>INFO     selenium.webdriver.common.selenium_manager:selenium_manager.py:73 Applicable driver not found; attempting to install with Selenium Manager (Beta)<br/> -------------------------------Captured log call-------------------------------- <br/>INFO     root:test_login002.py:14 ******* Starting Valid_login Test **********
INFO     root:test_login002.py:27 ******* Valid_login test passed **********
INFO     root:test_login002.py:34 **************** Completed  TC_Login_Valid_login_Test *************<br/></div></td></tr></tbody>
      <tbody class="passed results-table-row">
        <tr>
          <td class="col-result">Passed</td>
          <td class="col-name">TestCases/test_login001.py::Test_001_login::test_homepageTitle</td>
          <td class="col-duration">15.90</td>
          <td class="col-links"></td></tr>
        <tr>
          <td class="extra" colspan="4">
            <div class="log">[gw0] win32 -- Python 3.11.3 C:\Users\arjun\PycharmProjects\ORANGE-HRM\venv\Scripts\python.exe<br/>[gw0] win32 -- Python 3.11.3 C:\Users\arjun\PycharmProjects\ORANGE-HRM\venv\Scripts\python.exe[gw0] win32 -- Python 3.11.3 C:\Users\arjun\PycharmProjects\ORANGE-HRM\venv\Scripts\python.exe[gw0] win32 -- Python 3.11.3 C:\Users\arjun\PycharmProjects\ORANGE-HRM\venv\Scripts\python.exe<br/> -----------------------------Captured stdout setup------------------------------ <br/>launching chrome browser
<br/> -------------------------------Captured log setup------------------------------- <br/>INFO     selenium.webdriver.common.selenium_manager:selenium_manager.py:73 Applicable driver not found; attempting to install with Selenium Manager (Beta)<br/> -------------------------------Captured log call-------------------------------- <br/>INFO     root:test_login001.py:18 ******************Test__001__Login*****************
INFO     root:test_login001.py:19 *****************Verifying Home Page Title*****************
INFO     root:test_login001.py:27 ****************Home Page Title Test is Passed************<br/></div></td></tr></tbody>
      <tbody class="passed results-table-row">
        <tr>
          <td class="col-result">Passed</td>
          <td class="col-name">TestCases/test_login002.py::Test_002_DDT_Login::test_Invalid_login</td>
          <td class="col-duration">25.05</td>
          <td class="col-links"></td></tr>
        <tr>
          <td class="extra" colspan="4">
            <div class="log">[gw3] win32 -- Python 3.11.3 C:\Users\arjun\PycharmProjects\ORANGE-HRM\venv\Scripts\python.exe<br/>[gw3] win32 -- Python 3.11.3 C:\Users\arjun\PycharmProjects\ORANGE-HRM\venv\Scripts\python.exe[gw3] win32 -- Python 3.11.3 C:\Users\arjun\PycharmProjects\ORANGE-HRM\venv\Scripts\python.exe[gw3] win32 -- Python 3.11.3 C:\Users\arjun\PycharmProjects\ORANGE-HRM\venv\Scripts\python.exe<br/> -----------------------------Captured stdout setup------------------------------ <br/>launching chrome browser
<br/> -------------------------------Captured log setup------------------------------- <br/>INFO     selenium.webdriver.common.selenium_manager:selenium_manager.py:73 Applicable driver not found; attempting to install with Selenium Manager (Beta)<br/> ------------------------------Captured stdout call------------------------------ <br/>Invalid credentials
<br/> -------------------------------Captured log call-------------------------------- <br/>INFO     root:test_login002.py:38 ******* Starting Invalid_Valid_login Test **********
INFO     root:test_login002.py:52 ******* Invalid_login_test passed **********
INFO     root:test_login002.py:58 **************** Completed  Invalid_login_Test************<br/></div></td></tr></tbody>
      <tbody class="passed results-table-row">
        <tr>
          <td class="col-result">Passed</td>
          <td class="col-name">TestCases/test_pim_02.py::Test_PIM_002::test_Edit_details</td>
          <td class="col-duration">39.72</td>
          <td class="col-links"></td></tr>
        <tr>
          <td class="extra" colspan="4">
            <div class="log">[gw1] win32 -- Python 3.11.3 C:\Users\arjun\PycharmProjects\ORANGE-HRM\venv\Scripts\python.exe<br/>[gw1] win32 -- Python 3.11.3 C:\Users\arjun\PycharmProjects\ORANGE-HRM\venv\Scripts\python.exe[gw1] win32 -- Python 3.11.3 C:\Users\arjun\PycharmProjects\ORANGE-HRM\venv\Scripts\python.exe[gw1] win32 -- Python 3.11.3 C:\Users\arjun\PycharmProjects\ORANGE-HRM\venv\Scripts\python.exe<br/> -----------------------------Captured stdout setup------------------------------ <br/>launching chrome browser
<br/> -------------------------------Captured log setup------------------------------- <br/>INFO     selenium.webdriver.common.selenium_manager:selenium_manager.py:73 Applicable driver not found; attempting to install with Selenium Manager (Beta)<br/> -------------------------------Captured log call-------------------------------- <br/>INFO     root:test_pim_02.py:17 ******* Start Login to Page **********
INFO     root:test_pim_02.py:29 *****Go to PIM Page*******
INFO     root:test_pim_02.py:36 ***********Enter Into Edit page 
INFO     root:test_pim_02.py:37 *************Editing Started***********
INFO     root:test_pim_02.py:49 *********Personal Detail Edited Successfully****************<br/></div></td></tr></tbody>
      <tbody class="passed results-table-row">
        <tr>
          <td class="col-result">Passed</td>
          <td class="col-name">TestCases/test_pim_02.py::Test_PIM_002::test_delete_file</td>
          <td class="col-duration">22.16</td>
          <td class="col-links"></td></tr>
        <tr>
          <td class="extra" colspan="4">
            <div class="log">[gw2] win32 -- Python 3.11.3 C:\Users\arjun\PycharmProjects\ORANGE-HRM\venv\Scripts\python.exe<br/>[gw2] win32 -- Python 3.11.3 C:\Users\arjun\PycharmProjects\ORANGE-HRM\venv\Scripts\python.exe[gw2] win32 -- Python 3.11.3 C:\Users\arjun\PycharmProjects\ORANGE-HRM\venv\Scripts\python.exe[gw2] win32 -- Python 3.11.3 C:\Users\arjun\PycharmProjects\ORANGE-HRM\venv\Scripts\python.exe<br/> -----------------------------Captured stdout setup------------------------------ <br/>launching chrome browser
<br/> -------------------------------Captured log setup------------------------------- <br/>INFO     selenium.webdriver.common.selenium_manager:selenium_manager.py:73 Applicable driver not found; attempting to install with Selenium Manager (Beta)<br/> -------------------------------Captured log call-------------------------------- <br/>INFO     root:test_pim_02.py:52 ******* Start Login to Page **********
INFO     root:test_pim_02.py:64 *****Go to PIM Page*******
INFO     root:test_pim_02.py:70 *******************File Successfully Deleted************
INFO     root:test_pim_02.py:71 **********Delete File Test Passed**********<br/></div></td></tr></tbody></table></body></html>